Mon Apr 27 20:30:45 CST 2015  [debug] AvalonLogSystem initialized using logfile 'E:\github\JSP\.metadata\.plugins\com.genuitec.eclipse.templates\velocity.log'
Mon Apr 27 20:30:45 CST 2015   [info] ************************************************************** 
Mon Apr 27 20:30:45 CST 2015   [info] Starting Jakarta Velocity v1.4
Mon Apr 27 20:30:45 CST 2015   [info] RuntimeInstance initializing.
Mon Apr 27 20:30:45 CST 2015   [info] Default Properties File: org\apache\velocity\runtime\defaults\velocity.properties
Mon Apr 27 20:30:45 CST 2015   [info] Trying to use logger class org.apache.velocity.runtime.log.AvalonLogSystem
Mon Apr 27 20:30:45 CST 2015   [info] Using logger class org.apache.velocity.runtime.log.AvalonLogSystem
Mon Apr 27 20:30:45 CST 2015   [info] Default ResourceManager initializing. (class org.apache.velocity.runtime.resource.ResourceManagerImpl)
Mon Apr 27 20:30:45 CST 2015   [info] Resource Loader Instantiated: com.genuitec.eclipse.templates.internal.PluginResourceLoader
Mon Apr 27 20:30:45 CST 2015   [info] ResourceCache : initialized. (class org.apache.velocity.runtime.resource.ResourceCacheImpl)
Mon Apr 27 20:30:45 CST 2015   [info] Default ResourceManager initialization complete.
Mon Apr 27 20:30:45 CST 2015   [info] Loaded System Directive: org.apache.velocity.runtime.directive.Literal
Mon Apr 27 20:30:45 CST 2015   [info] Loaded System Directive: org.apache.velocity.runtime.directive.Macro
Mon Apr 27 20:30:45 CST 2015   [info] Loaded System Directive: org.apache.velocity.runtime.directive.Parse
Mon Apr 27 20:30:45 CST 2015   [info] Loaded System Directive: org.apache.velocity.runtime.directive.Include
Mon Apr 27 20:30:45 CST 2015   [info] Loaded System Directive: org.apache.velocity.runtime.directive.Foreach
Mon Apr 27 20:30:45 CST 2015   [info] Created: 20 parsers.
Mon Apr 27 20:30:45 CST 2015   [info] Velocimacro : initialization starting.
Mon Apr 27 20:30:45 CST 2015   [info] Velocimacro : adding VMs from VM library template : VM_global_library.vm
Mon Apr 27 20:30:45 CST 2015   [info] ResourceManager : found VM_global_library.vm with loader com.genuitec.eclipse.templates.internal.PluginResourceLoader
Mon Apr 27 20:30:45 CST 2015   [info] Velocimacro :  VM library template macro registration complete.
Mon Apr 27 20:30:45 CST 2015   [info] Velocimacro : allowInline = true : VMs can be defined inline in templates
Mon Apr 27 20:30:45 CST 2015   [info] Velocimacro : allowInlineToOverride = true : VMs defined inline may replace previous VM definitions
Mon Apr 27 20:30:45 CST 2015   [info] Velocimacro : allowInlineLocal = true : VMs defined inline will be local to their defining template only.
Mon Apr 27 20:30:45 CST 2015   [info] Velocimacro : messages on  : VM system will output logging messages
Mon Apr 27 20:30:45 CST 2015   [info] Velocimacro : autoload off  : VM system will not automatically reload global library macros
Mon Apr 27 20:30:45 CST 2015   [info] Velocimacro : initialization complete.
Mon Apr 27 20:30:45 CST 2015   [info] Velocity successfully started.
Mon Apr 27 20:30:45 CST 2015   [info] ResourceManager : found /templates/velocity/welcome/Jsp.vtl with loader com.genuitec.eclipse.templates.internal.PluginResourceLoader
Mon Apr 27 20:32:19 CST 2015   [info] ResourceManager : found templates/jsp/Jsp.vtl with loader com.genuitec.eclipse.templates.internal.PluginResourceLoader
Mon Apr 27 20:32:19 CST 2015   [info] ResourceManager : found templates/jsp/JSPMetaTags.vtl with loader com.genuitec.eclipse.templates.internal.PluginResourceLoader
